13.135879516601563,1
15.752052307128906,1
18.455638885498047,1
16.768688201904297,1
17.720447540283203,1
18.61602783203125,1
16.392202377319336,1
16.5745849609375,1
18.95306396484375,1
13.777070999145508,1
20.744951248168945,1
16.47745132446289,1
18.446022033691406,1
17.23479652404785,1
14.18674087524414,1
16.70600128173828,1
17.352516174316406,1
13.264436721801758,1
13.824873924255371,1
15.808667182922363,1
15.556461334228516,1
17.310848236083984,1
17.432512283325195,1
15.979521751403809,1
19.522789001464844,1
18.455318450927734,1
14.089160919189453,1
15.713891983032227,1
14.191675186157227,1
15.364280700683594,1
16.174779891967773,1
16.771045684814453,1
15.536945343017578,1
14.106240272521973,1
12.961797714233398,1
18.947959899902344,1
16.103107452392578,1
16.659996032714844,1
14.1290283203125,1
14.144752502441406,1
14.255603790283203,1
20.233257293701172,1
15.578092575073242,1
16.33868408203125,1
19.039371490478516,1
13.03817367553711,1
19.37939453125,1
12.626707077026367,1
15.675498008728027,1
15.858668327331543,1
12.662010192871094,1
18.195266723632813,1
17.963722229003906,1
18.788755416870117,1
17.906774520874023,1
17.131343841552734,1
18.279401779174805,1
13.617935180664063,1
16.51700210571289,1
19.164880752563477,1
16.27017593383789,1
17.488353729248047,1
15.466215133666992,1
12.096036911010742,1
13.832239151000977,1
14.570348739624023,1
13.868392944335938,1
14.498467445373535,1
13.085748672485352,1
17.721302032470703,1
12.119321823120117,1
17.814376831054688,1
16.25349235534668,1
13.86206340789795,1
12.870734214782715,1
21.612380981445313,1
13.932746887207031,1
16.630422592163086,1
16.341407775878906,1
13.376686096191406,1
14.54981803894043,1
13.273138999938965,1
15.677351951599121,1
15.54234790802002,1
12.773050308227539,1
15.30972671508789,1
19.014320373535156,1
13.12154769897461,1
14.108192443847656,1
16.066680908203125,1
13.470051765441895,1
19.168872833251953,1
15.350052833557129,1
15.1802339553833,1
14.000680923461914,1
14.80067253112793,1
18.30780792236328,1
16.076580047607422,1
12.352033615112305,1
15.766794204711914,1
13.579787254333496,1
15.124313354492188,1
13.235077857971191,1
13.329272270202637,1
18.026580810546875,1
14.73814582824707,1
15.846087455749512,1
17.338451385498047,1
13.676050186157227,1
13.762880325317383,1
16.51848030090332,1
15.244752883911133,1
14.848779678344727,1
16.703784942626953,1
16.894681930541992,1
12.131142616271973,1
14.413274765014648,1
17.51202392578125,1
16.023508071899414,1
12.911506652832031,1
13.399166107177734,1
15.532002449035645,1
14.213232040405273,1
14.374873161315918,1
15.614206314086914,1
15.564960479736328,1
17.3660888671875,1
17.594646453857422,1
15.354930877685547,1
15.721022605895996,1
17.51372528076172,1
13.560262680053711,1
10.824064254760742,1
14.334490776062012,1
15.427539825439453,1
14.04106616973877,1
12.361395835876465,1
12.79701042175293,1
16.445903778076172,1
15.18168830871582,1
17.177248001098633,1
12.443428993225098,1
16.483070373535156,1
14.548946380615234,1
15.603143692016602,1
12.575909614562988,1
12.987964630126953,1
13.779793739318848,1
13.169167518615723,1
15.982218742370605,1
12.977263450622559,1
12.740583419799805,1
16.767505645751953,1
12.806676864624023,1
13.436616897583008,1
12.461962699890137,1
14.849363327026367,1
14.172109603881836,1
13.97301197052002,1
15.336268424987793,1
12.497424125671387,1
14.616926193237305,1
14.686409950256348,1
15.385560989379883,1
15.414495468139648,1
12.525270462036133,1
13.93116283416748,1
15.341413497924805,1
15.61849594116211,1
14.310220718383789,1
11.772757530212402,1
14.033048629760742,1
15.692943572998047,1
12.228023529052734,1
12.509422302246094,1
13.308235168457031,1
13.658479690551758,1
11.24459457397461,1
11.658491134643555,1
14.304975509643555,1
15.14553451538086,1
14.09538745880127,1
12.843111038208008,1
14.871793746948242,1
12.826796531677246,1
12.627273559570313,1
14.47311782836914,1
16.737991333007813,1
15.258977890014648,1
15.200948715209961,1
15.84030532836914,1
14.451231002807617,1
13.848662376403809,1
13.638557434082031,1
13.556060791015625,1
14.262125015258789,1
14.723170280456543,1
14.008398056030273,1
17.136207580566406,1
11.462282180786133,1
12.691701889038086,1
12.519866943359375,1
15.9903564453125,1
14.82255744934082,1
12.233074188232422,1
12.749639511108398,1
11.463224411010742,1
14.922910690307617,1
11.972936630249023,1
17.85980796813965,1
14.209019660949707,1
12.647491455078125,1
18.438758850097656,1
16.16168975830078,1
14.097532272338867,1
14.893045425415039,1
19.339496612548828,1
15.798261642456055,1
15.21711540222168,1
14.829249382019043,1
16.94298553466797,1
15.42331600189209,1
12.290864944458008,1
13.725300788879395,1
12.171380996704102,1
18.56492042541504,1
14.704320907592773,1
14.050178527832031,1
14.20599365234375,1
13.37112808227539,1
17.31175422668457,1
13.435660362243652,1
14.486686706542969,1
10.791224479675293,1
13.874776840209961,1
14.984248161315918,1
14.61315631866455,1
16.569990158081055,1
15.931631088256836,1
14.836224555969238,1
14.574087142944336,1
15.688474655151367,1
13.174320220947266,1
12.906478881835938,1
14.282699584960938,1
18.61898422241211,1
20.902746200561523,1
11.936062812805176,1
14.325562477111816,1
13.236738204956055,1
13.549474716186523,1
16.961977005004883,1
13.4908447265625,1
13.752910614013672,1
12.187989234924316,1
14.8121919631958,1
13.883960723876953,1
10.929276466369629,1
16.415523529052734,1
11.013015747070313,1
12.7955322265625,1
15.067084312438965,1
11.84841537475586,1
14.049186706542969,1
15.64492416381836,1
12.339866638183594,1
11.547012329101563,1
11.644472122192383,1
11.173662185668945,1
14.954781532287598,1
12.519798278808594,1
13.956635475158691,1
14.016341209411621,1
14.265156745910645,1
12.827238082885742,1
12.921152114868164,1
13.477806091308594,1
12.733219146728516,1
13.113738059997559,1
14.293645858764648,1
13.756879806518555,1
12.197242736816406,1
14.45136833190918,1
14.662458419799805,1
12.467392921447754,1
12.115520477294922,1
15.318243980407715,1
15.471667289733887,1
15.97156810760498,1
14.96105670928955,1
9.652965545654297,1
16.57906723022461,1
13.100481033325195,1
13.598913192749023,1
12.748196601867676,1
14.145554542541504,1
12.64237117767334,1
