10.675928115844727,1
11.155387878417969,1
8.830998420715332,1
12.111937522888184,1
12.476739883422852,1
10.193592071533203,1
10.434691429138184,1
11.2509765625,1
9.904394149780273,1
12.262924194335938,1
8.24880313873291,1
10.353858947753906,1
11.131317138671875,1
12.003292083740234,1
11.089776992797852,1
11.106727600097656,1
10.70958423614502,1
9.436534881591797,1
10.869515419006348,1
9.936141014099121,1
9.591821670532227,1
9.659408569335938,1
10.968616485595703,1
8.667032241821289,1
11.333675384521484,1
10.898063659667969,1
9.35394287109375,1
12.899258613586426,1
10.594381332397461,1
10.929428100585938,1
10.066715240478516,1
9.606498718261719,1
9.545230865478516,1
9.805900573730469,1
9.214143753051758,1
10.610210418701172,1
12.245783805847168,1
11.81631088256836,1
9.876298904418945,1
9.296669006347656,1
10.189079284667969,1
14.663400650024414,1
10.20473861694336,1
11.431097030639648,1
9.910318374633789,1
9.367963790893555,1
11.856264114379883,1
11.941091537475586,1
11.42768383026123,1
10.289934158325195,1
10.714305877685547,1
11.398622512817383,1
11.138687133789063,1
10.442883491516113,1
10.4451322555542,1
9.64423656463623,1
9.811817169189453,1
10.77214241027832,1
12.064971923828125,1
10.762767791748047,1
9.305222511291504,1
10.37216854095459,1
9.528749465942383,1
9.69551944732666,1
11.84251594543457,1
11.323156356811523,1
10.33280086517334,1
10.277813911437988,1
13.197723388671875,1
13.05709457397461,1
10.362966537475586,1
8.751100540161133,1
9.174750328063965,1
11.064000129699707,1
9.723806381225586,1
9.840291976928711,1
9.699938774108887,1
11.722782135009766,1
9.884809494018555,1
12.332220077514648,1
10.948267936706543,1
13.625669479370117,1
11.608282089233398,1
11.44367504119873,1
10.358482360839844,1
10.334656715393066,1
12.34562873840332,1
9.866823196411133,1
9.704421997070313,1
10.870532035827637,1
10.151798248291016,1
12.569584846496582,1
10.976517677307129,1
9.339923858642578,1
9.822410583496094,1
11.962803840637207,1
10.564019203186035,1
11.222817420959473,1
10.937162399291992,1
9.619536399841309,1
9.0740385055542,1
11.04239273071289,1
9.601855278015137,1
11.410266876220703,1
10.848073959350586,1
10.9156494140625,1
10.50836181640625,1
10.995691299438477,1
12.022737503051758,1
11.823556900024414,1
10.485475540161133,1
11.217377662658691,1
10.75363540649414,1
11.413225173950195,1
12.06175422668457,1
8.476465225219727,1
11.145870208740234,1
13.896690368652344,1
11.400140762329102,1
11.665432929992676,1
10.140751838684082,1
11.663174629211426,1
10.030057907104492,1
11.30968189239502,1
10.93079662322998,1
9.944473266601563,1
10.294340133666992,1
11.148409843444824,1
12.05905532836914,1
9.879264831542969,1
10.94861888885498,1
9.17287540435791,1
11.82565689086914,1
10.8742094039917,1
8.52985954284668,1
12.2893705368042,1
11.047294616699219,1
9.978862762451172,1
9.702713012695313,1
11.231534957885742,1
12.478127479553223,1
10.983959197998047,1
9.338184356689453,1
9.370756149291992,1
13.33413028717041,1
13.00495719909668,1
12.152091979980469,1
9.500889778137207,1
9.959440231323242,1
12.599270820617676,1
10.473611831665039,1
10.911453247070313,1
9.813551902770996,1
9.957082748413086,1
11.491124153137207,1
10.159395217895508,1
12.141363143920898,1
10.760525703430176,1
9.588682174682617,1
10.446561813354492,1
11.31759262084961,1
10.29313850402832,1
10.336189270019531,1
9.620416641235352,1
11.633602142333984,1
9.455602645874023,1
9.455089569091797,1
12.35930347442627,1
11.053628921508789,1
11.128852844238281,1
10.362754821777344,1
11.661174774169922,1
11.248347282409668,1
9.584449768066406,1
11.049604415893555,1
9.403329849243164,1
11.47744369506836,1
8.796867370605469,1
9.082042694091797,1
11.186083793640137,1
10.44441032409668,1
7.771359443664551,1
10.552253723144531,1
9.864228248596191,1
10.715754508972168,1
10.833168983459473,1
10.011360168457031,1
11.194095611572266,1
11.62725830078125,1
10.99855899810791,1
11.892561912536621,1
8.349298477172852,1
8.598604202270508,1
9.814586639404297,1
9.39051628112793,1
14.008974075317383,1
9.906221389770508,1
10.584542274475098,1
11.047088623046875,1
10.9485502243042,1
10.452435493469238,1
11.5105619430542,1
10.531269073486328,1
11.230459213256836,1
9.701484680175781,1
10.122644424438477,1
9.619889259338379,1
11.088142395019531,1
11.209329605102539,1
11.128921508789063,1
10.532716751098633,1
10.99294662475586,1
10.368372917175293,1
11.343762397766113,1
9.555571556091309,1
10.716111183166504,1
11.773677825927734,1
11.744894027709961,1
10.627947807312012,1
13.120479583740234,1
8.67507553100586,1
9.43387222290039,1
9.16699504852295,1
11.248788833618164,1
10.897512435913086,1
11.285195350646973,1
11.108915328979492,1
10.061088562011719,1
11.944580078125,1
10.568460464477539,1
11.276193618774414,1
10.526236534118652,1
10.789798736572266,1
9.536357879638672,1
12.077308654785156,1
10.526063919067383,1
10.334203720092773,1
11.419153213500977,1
11.210735321044922,1
8.477777481079102,1
10.645828247070313,1
11.158803939819336,1
11.485857009887695,1
10.470715522766113,1
11.248743057250977,1
10.752484321594238,1
9.879465103149414,1
11.90304183959961,1
10.723215103149414,1
10.641059875488281,1
9.142499923706055,1
11.51810073852539,1
10.585187911987305,1
8.37244987487793,1
11.598116874694824,1
9.378952026367188,1
10.869102478027344,1
12.421436309814453,1
11.698368072509766,1
10.93864631652832,1
10.66176700592041,1
11.171459197998047,1
12.182758331298828,1
9.546351432800293,1
10.14631462097168,1
11.105829238891602,1
14.521060943603516,1
11.47877025604248,1
11.790246963500977,1
10.56887435913086,1
11.97136116027832,1
9.233966827392578,1
9.680036544799805,1
10.880441665649414,1
8.96225357055664,1
11.13693904876709,1
9.079730987548828,1
9.613107681274414,1
10.829947471618652,1
10.597347259521484,1
10.899191856384277,1
10.917984962463379,1
11.340821266174316,1
10.687215805053711,1
8.8843412399292,1
9.845307350158691,1
9.890135765075684,1
9.890693664550781,1
12.501283645629883,1
12.416448593139648,1
10.208610534667969,1
10.945783615112305,1
11.943180084228516,1
10.622133255004883,1
9.718557357788086,1
10.23832893371582,1
13.37849235534668,1
