8.804826736450195,1
11.36844539642334,1
10.72878646850586,1
8.641130447387695,1
10.138800621032715,1
11.938124656677246,1
11.568464279174805,1
10.075098037719727,1
11.336374282836914,1
12.314285278320313,1
9.884453773498535,1
9.28902816772461,1
12.68539047241211,1
10.946142196655273,1
9.177568435668945,1
10.621192932128906,1
11.100290298461914,1
11.001190185546875,1
10.410244941711426,1
9.792865753173828,1
9.355487823486328,1
9.61166000366211,1
9.624448776245117,1
10.92735481262207,1
10.740882873535156,1
9.896038055419922,1
10.693660736083984,1
9.310029029846191,1
10.7684326171875,1
10.024953842163086,1
10.62056827545166,1
9.659506797790527,1
9.687786102294922,1
11.521801948547363,1
9.554931640625,1
10.612380981445313,1
10.486795425415039,1
12.222514152526855,1
11.144233703613281,1
11.079275131225586,1
10.621565818786621,1
10.28492546081543,1
10.321308135986328,1
9.420575141906738,1
11.9600830078125,1
14.330968856811523,1
10.874958038330078,1
10.996230125427246,1
9.815051078796387,1
9.732057571411133,1
12.496413230895996,1
11.52845573425293,1
11.9010591506958,1
11.459610939025879,1
8.783979415893555,1
9.688153266906738,1
11.747232437133789,1
10.508438110351563,1
10.24551773071289,1
10.79964828491211,1
10.242549896240234,1
10.91929817199707,1
11.656709671020508,1
9.960094451904297,1
9.681949615478516,1
11.787960052490234,1
10.71316146850586,1
10.28105640411377,1
11.64741039276123,1
10.493985176086426,1
8.949447631835938,1
9.615737915039063,1
11.012327194213867,1
9.82380485534668,1
10.711156845092773,1
10.958745956420898,1
9.368165016174316,1
9.888326644897461,1
10.284610748291016,1
9.872671127319336,1
12.60867691040039,1
11.74296760559082,1
10.415223121643066,1
8.798641204833984,1
11.351493835449219,1
11.048269271850586,1
9.672246932983398,1
12.905765533447266,1
11.807924270629883,1
10.272468566894531,1
9.794906616210938,1
9.779582977294922,1
10.14851188659668,1
11.550506591796875,1
9.238533020019531,1
11.29947566986084,1
10.581221580505371,1
10.505374908447266,1
10.078229904174805,1
12.528249740600586,1
11.949546813964844,1
9.769514083862305,1
9.722850799560547,1
10.321616172790527,1
10.943795204162598,1
9.925360679626465,1
9.378596305847168,1
9.092636108398438,1
10.038895606994629,1
10.883224487304688,1
11.188583374023438,1
10.989355087280273,1
11.217244148254395,1
9.047619819641113,1
10.096843719482422,1
9.343356132507324,1
9.68642807006836,1
10.791820526123047,1
10.322145462036133,1
10.518885612487793,1
10.548057556152344,1
11.566659927368164,1
10.801831245422363,1
10.582454681396484,1
10.535867691040039,1
10.855998992919922,1
9.339095115661621,1
11.896329879760742,1
9.206271171569824,1
11.144006729125977,1
12.302806854248047,1
11.000380516052246,1
11.258573532104492,1
9.767955780029297,1
9.503028869628906,1
10.098607063293457,1
11.473352432250977,1
10.988494873046875,1
9.327441215515137,1
9.98762321472168,1
10.311063766479492,1
12.020276069641113,1
11.377793312072754,1
10.970020294189453,1
10.976947784423828,1
12.21207046508789,1
10.496232986450195,1
8.89405632019043,1
12.985530853271484,1
10.837459564208984,1
11.147212028503418,1
9.998973846435547,1
9.214643478393555,1
12.570606231689453,1
10.531455039978027,1
9.619451522827148,1
11.461036682128906,1
12.608808517456055,1
10.892117500305176,1
12.087089538574219,1
11.218405723571777,1
10.089436531066895,1
10.207380294799805,1
10.486397743225098,1
10.353734970092773,1
9.948526382446289,1
8.3529052734375,1
11.199649810791016,1
11.287799835205078,1
11.376205444335938,1
10.086578369140625,1
9.515480995178223,1
11.773191452026367,1
10.666197776794434,1
11.855033874511719,1
10.230463027954102,1
10.036710739135742,1
11.98898696899414,1
11.408710479736328,1
8.967060089111328,1
11.559832572937012,1
10.958538055419922,1
12.116519927978516,1
10.111184120178223,1
11.746363639831543,1
11.137142181396484,1
10.325521469116211,1
10.938262939453125,1
11.989285469055176,1
11.20089340209961,1
9.252023696899414,1
9.450572967529297,1
10.631553649902344,1
10.714654922485352,1
11.345939636230469,1
10.500646591186523,1
11.322450637817383,1
10.676032066345215,1
10.353958129882813,1
10.25874137878418,1
11.175699234008789,1
11.562273025512695,1
10.911086082458496,1
12.012340545654297,1
9.565552711486816,1
8.420645713806152,1
10.415385246276855,1
9.172052383422852,1
10.587773323059082,1
9.743343353271484,1
10.118354797363281,1
10.523796081542969,1
12.357074737548828,1
10.397342681884766,1
11.821248054504395,1
10.510177612304688,1
8.944154739379883,1
9.584943771362305,1
8.82419204711914,1
9.637186050415039,1
9.56311321258545,1
10.919839859008789,1
11.975007057189941,1
10.5359525680542,1
10.197347640991211,1
10.364843368530273,1
10.336345672607422,1
9.8131103515625,1
11.224969863891602,1
11.839203834533691,1
9.91796875,1
10.71239185333252,1
10.807435035705566,1
8.212656021118164,1
10.936471939086914,1
9.49626350402832,1
12.836244583129883,1
10.744728088378906,1
10.17761516571045,1
10.781999588012695,1
10.64610767364502,1
12.039098739624023,1
9.517841339111328,1
11.132266998291016,1
10.096107482910156,1
11.047632217407227,1
11.074638366699219,1
12.01025104522705,1
10.708653450012207,1
9.71241569519043,1
9.589905738830566,1
11.033187866210938,1
10.39895248413086,1
10.608146667480469,1
11.922022819519043,1
11.051897048950195,1
11.520890235900879,1
11.274765014648438,1
11.637262344360352,1
9.105372428894043,1
11.661050796508789,1
10.65648365020752,1
9.4273681640625,1
9.059009552001953,1
9.948526382446289,1
10.37882137298584,1
11.215383529663086,1
11.627307891845703,1
11.119566917419434,1
10.89787483215332,1
12.069809913635254,1
11.62718391418457,1
12.50107479095459,1
10.498577117919922,1
11.097127914428711,1
11.525012016296387,1
8.37024974822998,1
9.946259498596191,1
10.620406150817871,1
14.271081924438477,1
10.836591720581055,1
11.220794677734375,1
10.241357803344727,1
11.124053001403809,1
11.935239791870117,1
8.445693969726563,1
9.324690818786621,1
8.790149688720703,1
9.641912460327148,1
9.245100021362305,1
10.634479522705078,1
11.127915382385254,1
11.55331802368164,1
11.386781692504883,1
9.386756896972656,1
9.289865493774414,1
14.365772247314453,1
