10.192634582519531,1
9.374610900878906,1
11.796793937683105,1
8.87722110748291,1
8.253907203674316,1
12.094985961914063,1
8.567643165588379,1
9.48823070526123,1
10.053718566894531,1
11.635873794555664,1
11.345675468444824,1
10.232254028320313,1
11.954294204711914,1
9.354168891906738,1
10.168486595153809,1
8.216978073120117,1
11.855161666870117,1
10.075407028198242,1
11.103065490722656,1
12.22495174407959,1
10.808088302612305,1
11.753747940063477,1
9.560805320739746,1
11.340946197509766,1
12.514820098876953,1
11.180377960205078,1
9.79945182800293,1
9.76450252532959,1
10.371452331542969,1
10.121164321899414,1
11.641230583190918,1
10.492242813110352,1
9.699976921081543,1
11.070503234863281,1
11.123388290405273,1
10.530466079711914,1
13.450919151306152,1
11.39621639251709,1
10.290918350219727,1
10.708858489990234,1
13.049652099609375,1
11.72828483581543,1
9.35938549041748,1
10.393484115600586,1
10.467720031738281,1
9.850702285766602,1
11.563982963562012,1
10.459303855895996,1
9.814078330993652,1
12.427839279174805,1
9.492435455322266,1
11.073519706726074,1
11.343795776367188,1
9.140584945678711,1
10.985626220703125,1
10.703770637512207,1
10.807144165039063,1
9.366982460021973,1
11.207254409790039,1
11.763042449951172,1
11.166939735412598,1
11.14344310760498,1
10.242952346801758,1
9.518980026245117,1
12.265324592590332,1
14.756065368652344,1
10.557901382446289,1
11.118399620056152,1
11.927802085876465,1
11.611141204833984,1
10.286670684814453,1
9.863574981689453,1
9.973036766052246,1
11.414351463317871,1
10.897394180297852,1
11.477200508117676,1
11.667234420776367,1
9.369537353515625,1
9.924666404724121,1
12.781011581420898,1
11.353906631469727,1
10.69676399230957,1
10.48171329498291,1
11.095635414123535,1
10.493791580200195,1
11.946014404296875,1
10.576166152954102,1
11.501293182373047,1
9.196728706359863,1
9.533205032348633,1
10.273566246032715,1
12.041516304016113,1
10.61760139465332,1
11.299755096435547,1
11.96879768371582,1
9.586454391479492,1
11.200551986694336,1
9.454466819763184,1
11.407058715820313,1
9.603078842163086,1
9.432989120483398,1
10.10802173614502,1
9.760881423950195,1
10.591121673583984,1
11.570398330688477,1
10.650510787963867,1
11.22624397277832,1
10.152551651000977,1
9.641283988952637,1
12.437627792358398,1
9.483391761779785,1
8.77313232421875,1
10.899945259094238,1
11.400035858154297,1
11.785964965820313,1
9.929485321044922,1
8.700471878051758,1
11.686789512634277,1
9.756505012512207,1
9.570640563964844,1
10.51502513885498,1
10.973855018615723,1
9.61816692352295,1
11.3131742477417,1
9.98607349395752,1
10.595352172851563,1
10.955340385437012,1
12.396636962890625,1
10.807251930236816,1
9.528366088867188,1
11.224043846130371,1
10.18832015991211,1
12.356961250305176,1
10.561098098754883,1
9.437756538391113,1
9.703126907348633,1
11.119180679321289,1
11.294061660766602,1
9.02562141418457,1
10.953874588012695,1
9.864625930786133,1
8.741788864135742,1
11.729726791381836,1
9.558032989501953,1
11.973236083984375,1
10.876431465148926,1
10.238880157470703,1
10.640032768249512,1
10.808042526245117,1
12.072354316711426,1
10.356831550598145,1
10.760486602783203,1
10.377510070800781,1
11.115715980529785,1
11.299798965454102,1
12.409270286560059,1
9.84132194519043,1
11.410226821899414,1
11.570390701293945,1
11.448323249816895,1
11.28484058380127,1
9.669295310974121,1
12.621953964233398,1
10.132728576660156,1
12.384459495544434,1
11.08007526397705,1
12.723618507385254,1
10.179638862609863,1
11.014373779296875,1
12.053890228271484,1
9.904577255249023,1
10.888786315917969,1
11.932990074157715,1
11.34528636932373,1
9.487686157226563,1
8.290342330932617,1
9.325309753417969,1
10.08025074005127,1
9.496268272399902,1
9.474496841430664,1
9.924344062805176,1
12.645605087280273,1
10.824798583984375,1
9.322200775146484,1
9.42094612121582,1
13.005006790161133,1
13.886727333068848,1
11.80685043334961,1
8.823259353637695,1
9.982037544250488,1
10.227911949157715,1
10.373146057128906,1
10.405739784240723,1
9.772749900817871,1
11.044853210449219,1
11.565277099609375,1
10.835412979125977,1
13.003089904785156,1
10.717529296875,1
9.512847900390625,1
11.57865047454834,1
11.04410457611084,1
8.52710247039795,1
10.274564743041992,1
12.418063163757324,1
11.177360534667969,1
10.186286926269531,1
9.022735595703125,1
10.661821365356445,1
10.849773406982422,1
9.620040893554688,1
10.565774917602539,1
9.534294128417969,1
11.30352783203125,1
10.644736289978027,1
11.024360656738281,1
9.71473217010498,1
11.623025894165039,1
9.019227981567383,1
9.192713737487793,1
10.18316650390625,1
10.719587326049805,1
11.271105766296387,1
10.666234016418457,1
11.076148986816406,1
10.936741828918457,1
13.149765014648438,1
10.387372016906738,1
10.283391952514648,1
11.457530975341797,1
11.04429817199707,1
12.158026695251465,1
10.117810249328613,1
8.571931838989258,1
11.12447738647461,1
9.60333251953125,1
11.171737670898438,1
9.781492233276367,1
9.095276832580566,1
10.773824691772461,1
10.165830612182617,1
10.992874145507813,1
10.011099815368652,1
10.622615814208984,1
12.329586029052734,1
9.957624435424805,1
11.785100936889648,1
9.529518127441406,1
10.467927932739258,1
10.945858001708984,1
11.08880615234375,1
10.800640106201172,1
9.308686256408691,1
10.16926097869873,1
9.069986343383789,1
9.606864929199219,1
11.06065559387207,1
11.44099235534668,1
9.352368354797363,1
10.830790519714355,1
10.587977409362793,1
8.334640502929688,1
10.934891700744629,1
8.942451477050781,1
10.765863418579102,1
10.73779010772705,1
9.488938331604004,1
10.961538314819336,1
8.472018241882324,1
11.587313652038574,1
11.095702171325684,1
11.08609676361084,1
10.599974632263184,1
11.652689933776855,1
10.10616683959961,1
11.298453330993652,1
10.716995239257813,1
10.992783546447754,1
11.541119575500488,1
9.82040786743164,1
10.61562442779541,1
9.503084182739258,1
10.49151611328125,1
11.515909194946289,1
10.884506225585938,1
11.66006088256836,1
10.422708511352539,1
11.378654479980469,1
9.900866508483887,1
14.325972557067871,1
11.745450973510742,1
11.864593505859375,1
8.347524642944336,1
9.547199249267578,1
9.053847312927246,1
10.560794830322266,1
11.053118705749512,1
