11.66269302368164,1
10.574934959411621,1
14.304269790649414,1
10.625143051147461,1
13.67602825164795,1
10.342175483703613,1
12.45893669128418,1
10.195886611938477,1
13.310647010803223,1
12.059786796569824,1
11.138012886047363,1
11.108098983764648,1
13.636157035827637,1
13.24251937866211,1
11.324052810668945,1
10.155532836914063,1
11.651710510253906,1
12.524312973022461,1
10.383634567260742,1
11.095365524291992,1
12.780156135559082,1
14.153362274169922,1
12.633056640625,1
13.366853713989258,1
12.134248733520508,1
10.332572937011719,1
11.904921531677246,1
12.371292114257813,1
11.300710678100586,1
10.808446884155273,1
12.145463943481445,1
12.259501457214355,1
11.690174102783203,1
10.361685752868652,1
10.810461044311523,1
10.785688400268555,1
12.969642639160156,1
10.2000150680542,1
11.204792022705078,1
13.034236907958984,1
12.515575408935547,1
12.185432434082031,1
11.351856231689453,1
10.48817253112793,1
12.493934631347656,1
11.672050476074219,1
12.954161643981934,1
13.325194358825684,1
12.73930835723877,1
11.351210594177246,1
10.671567916870117,1
11.683821678161621,1
15.359789848327637,1
9.458507537841797,1
11.542352676391602,1
13.513904571533203,1
11.056666374206543,1
10.41191577911377,1
11.930442810058594,1
11.222373008728027,1
12.058343887329102,1
10.083402633666992,1
10.819982528686523,1
10.013948440551758,1
11.646865844726563,1
12.983804702758789,1
10.295711517333984,1
15.559328079223633,1
10.231264114379883,1
12.531058311462402,1
11.801177978515625,1
9.943523406982422,1
12.28039264678955,1
10.598775863647461,1
10.894355773925781,1
12.562996864318848,1
9.450624465942383,1
11.284324645996094,1
9.62047004699707,1
11.500146865844727,1
11.851461410522461,1
10.420188903808594,1
12.242390632629395,1
11.426645278930664,1
9.16201114654541,1
9.92367172241211,1
11.234760284423828,1
12.771928787231445,1
12.670588493347168,1
12.159252166748047,1
10.174774169921875,1
11.59367561340332,1
11.304097175598145,1
11.280027389526367,1
11.612105369567871,1
13.290834426879883,1
13.140565872192383,1
13.194710731506348,1
12.187908172607422,1
8.929512023925781,1
13.664705276489258,1
12.666335105895996,1
11.038229942321777,1
12.275091171264648,1
9.947467803955078,1
11.74277400970459,1
16.942989349365234,1
14.36346435546875,1
10.255228042602539,1
11.197010040283203,1
13.172986030578613,1
11.329648971557617,1
10.076435089111328,1
12.382434844970703,1
12.042680740356445,1
12.406170845031738,1
11.360605239868164,1
12.283299446105957,1
10.97612476348877,1
12.83863353729248,1
10.382621765136719,1
8.985631942749023,1
10.525055885314941,1
10.782461166381836,1
12.072233200073242,1
11.548919677734375,1
11.271100997924805,1
11.043874740600586,1
12.079605102539063,1
11.190422058105469,1
10.689680099487305,1
10.791746139526367,1
10.756155014038086,1
10.222099304199219,1
9.997150421142578,1
10.327227592468262,1
10.140766143798828,1
10.931140899658203,1
13.92552375793457,1
12.259692192077637,1
12.601973533630371,1
10.79011058807373,1
9.894996643066406,1
9.572118759155273,1
12.452165603637695,1
10.620423316955566,1
11.474763870239258,1
11.107044219970703,1
12.124709129333496,1
12.012392044067383,1
14.391212463378906,1
11.828046798706055,1
12.571767807006836,1
12.712413787841797,1
9.468159675598145,1
10.043302536010742,1
10.990385055541992,1
12.244269371032715,1
10.780471801757813,1
11.179703712463379,1
12.294590950012207,1
11.464481353759766,1
15.130329132080078,1
10.098901748657227,1
11.644579887390137,1
9.496662139892578,1
12.475162506103516,1
10.175045013427734,1
11.455850601196289,1
11.700096130371094,1
11.181543350219727,1
11.4224853515625,1
10.26456069946289,1
11.688445091247559,1
11.015276908874512,1
9.726947784423828,1
9.969888687133789,1
12.833456039428711,1
12.976750373840332,1
12.129907608032227,1
14.165449142456055,1
11.558173179626465,1
11.839831352233887,1
11.516013145446777,1
10.217483520507813,1
12.527151107788086,1
10.887055397033691,1
10.832841873168945,1
11.11268424987793,1
9.849472045898438,1
9.405777931213379,1
9.994222640991211,1
11.460334777832031,1
11.745287895202637,1
10.914113998413086,1
10.051811218261719,1
13.18657112121582,1
11.963668823242188,1
11.054241180419922,1
13.028305053710938,1
12.48218059539795,1
10.618581771850586,1
9.824251174926758,1
12.861808776855469,1
11.77285099029541,1
11.318779945373535,1
12.801966667175293,1
13.601475715637207,1
12.53746509552002,1
12.395650863647461,1
10.914402961730957,1
11.720706939697266,1
13.010009765625,1
10.989404678344727,1
11.581182479858398,1
13.337244033813477,1
10.907630920410156,1
11.623027801513672,1
10.813217163085938,1
12.45657730102539,1
10.027606964111328,1
11.48733139038086,1
13.497967720031738,1
9.242105484008789,1
11.374043464660645,1
12.162769317626953,1
15.006423950195313,1
12.554365158081055,1
12.440731048583984,1
11.559816360473633,1
11.806015968322754,1
12.276749610900879,1
12.292311668395996,1
11.185003280639648,1
11.384593963623047,1
14.699237823486328,1
12.981735229492188,1
9.319181442260742,1
11.894193649291992,1
11.68198013305664,1
11.929115295410156,1
13.719758987426758,1
10.530967712402344,1
11.199338912963867,1
12.58021068572998,1
12.174453735351563,1
10.931760787963867,1
9.165008544921875,1
10.89937973022461,1
10.347908020019531,1
12.879343032836914,1
12.218853950500488,1
13.361211776733398,1
11.285045623779297,1
11.041057586669922,1
10.652242660522461,1
10.919085502624512,1
10.285932540893555,1
11.5775785446167,1
12.34822940826416,1
11.533519744873047,1
11.623226165771484,1
11.631454467773438,1
11.511763572692871,1
11.740896224975586,1
10.133703231811523,1
11.806792259216309,1
10.859413146972656,1
13.005754470825195,1
12.03508186340332,1
9.536269187927246,1
10.076245307922363,1
10.606935501098633,1
12.690054893493652,1
10.404243469238281,1
11.005817413330078,1
13.017958641052246,1
12.859606742858887,1
10.316083908081055,1
12.816451072692871,1
11.886861801147461,1
12.767961502075195,1
11.302939414978027,1
8.899709701538086,1
11.879959106445313,1
14.09085464477539,1
13.074108123779297,1
12.261907577514648,1
12.554319381713867,1
10.95899772644043,1
11.825865745544434,1
11.79134464263916,1
9.531007766723633,1
11.559001922607422,1
10.119512557983398,1
9.724955558776855,1
13.358877182006836,1
